0 info it worked if it ends with ok
1 verbose cli [ 'C:\\Program Files (x86)\\Microsoft Visual Studio\\2017\\Community\\Web\\External\\Node.exe',
1 verbose cli   'C:\\Program Files (x86)\\Microsoft Visual Studio\\2017\\Community\\Web\\External\\node_modules\\npm\\bin\\npm-cli.js',
1 verbose cli   'install' ]
2 info using npm@3.3.4
3 info using node@v5.4.1
4 silly loadCurrentTree Starting
5 silly install loadCurrentTree
6 silly install readLocalPackageData
7 silly install normalizeTree
8 silly loadCurrentTree Finishing
9 silly loadIdealTree Starting
10 silly install loadIdealTree
11 silly cloneCurrentTree Starting
12 silly install cloneCurrentTreeToIdealTree
13 silly cloneCurrentTree Finishing
14 silly loadShrinkwrap Starting
15 silly install loadShrinkwrap
16 silly loadShrinkwrap Finishing
17 silly loadAllDepsIntoIdealTree Starting
18 silly install loadAllDepsIntoIdealTree
19 silly fetchNamedPackageData cordova-plugin-local-notifications
20 silly mapToRegistry name cordova-plugin-local-notifications
21 silly mapToRegistry using default registry
22 silly mapToRegistry registry https://registry.npmjs.org/
23 silly mapToRegistry uri https://registry.npmjs.org/cordova-plugin-local-notifications
24 verbose request uri https://registry.npmjs.org/cordova-plugin-local-notifications
25 verbose request no auth needed
26 info attempt registry request try #1 at 18:03:17
27 verbose request id 0da9fe3b240a14db
28 verbose etag W/"5996d0a9-21b7"
29 verbose lastModified Fri, 18 Aug 2017 11:34:01 GMT
30 http request GET https://registry.npmjs.org/cordova-plugin-local-notifications
31 http 304 https://registry.npmjs.org/cordova-plugin-local-notifications
32 verbose headers { date: 'Mon, 13 Nov 2017 20:03:18 GMT',
32 verbose headers   via: '1.1 varnish',
32 verbose headers   'cache-control': 'max-age=300',
32 verbose headers   etag: 'W/"5996d0a9-21b7"',
32 verbose headers   age: '174',
32 verbose headers   connection: 'keep-alive',
32 verbose headers   'x-served-by': 'cache-gru17128-GRU',
32 verbose headers   'x-cache': 'HIT',
32 verbose headers   'x-cache-hits': '2',
32 verbose headers   'x-timer': 'S1510603398.341228,VS0,VE0',
32 verbose headers   vary: 'Accept-Encoding, Accept' }
33 silly get cb [ 304,
33 silly get   { date: 'Mon, 13 Nov 2017 20:03:18 GMT',
33 silly get     via: '1.1 varnish',
33 silly get     'cache-control': 'max-age=300',
33 silly get     etag: 'W/"5996d0a9-21b7"',
33 silly get     age: '174',
33 silly get     connection: 'keep-alive',
33 silly get     'x-served-by': 'cache-gru17128-GRU',
33 silly get     'x-cache': 'HIT',
33 silly get     'x-cache-hits': '2',
33 silly get     'x-timer': 'S1510603398.341228,VS0,VE0',
33 silly get     vary: 'Accept-Encoding, Accept' } ]
34 verbose etag https://registry.npmjs.org/cordova-plugin-local-notifications from cache
35 verbose get saving cordova-plugin-local-notifications to C:\Users\Douglas\AppData\Roaming\npm-cache\registry.npmjs.org\cordova-plugin-local-notifications\.cache.json
36 silly fetchPackageMetaData Error: No compatible version found: cordova-plugin-local-notifications@~0.8.4
36 silly fetchPackageMetaData Valid install targets:
36 silly fetchPackageMetaData ["1.0.0"]
36 silly fetchPackageMetaData
36 silly fetchPackageMetaData     at pickVersionFromRegistryDocument (C:\Program Files (x86)\Microsoft Visual Studio\2017\Community\Web\External\node_modules\npm\lib\fetch-package-metadata.js:146:16)
36 silly fetchPackageMetaData     at C:\Program Files (x86)\Microsoft Visual Studio\2017\Community\Web\External\node_modules\iferr\index.js:13:50
36 silly fetchPackageMetaData     at C:\Program Files (x86)\Microsoft Visual Studio\2017\Community\Web\External\node_modules\npm\lib\utils\pulse-till-done.js:19:8
36 silly fetchPackageMetaData     at saved (C:\Program Files (x86)\Microsoft Visual Studio\2017\Community\Web\External\node_modules\npm\lib\cache\caching-client.js:168:7)
36 silly fetchPackageMetaData     at C:\Program Files (x86)\Microsoft Visual Studio\2017\Community\Web\External\node_modules\npm\node_modules\graceful-fs\polyfills.js:210:7
36 silly fetchPackageMetaData     at FSReqWrap.oncomplete (fs.js:82:15)
36 silly fetchPackageMetaData  error for cordova-plugin-local-notifications@~0.8.4 [Error: No compatible version found: cordova-plugin-local-notifications@~0.8.4
36 silly fetchPackageMetaData Valid install targets:
36 silly fetchPackageMetaData ["1.0.0"]
36 silly fetchPackageMetaData ]
37 silly rollbackFailedOptional Starting
38 silly rollbackFailedOptional Finishing
39 silly runTopLevelLifecycles Starting
40 silly runTopLevelLifecycles Finishing
41 silly install printInstalled
42 verbose stack Error: No compatible version found: cordova-plugin-local-notifications@~0.8.4
42 verbose stack Valid install targets:
42 verbose stack ["1.0.0"]
42 verbose stack
42 verbose stack     at pickVersionFromRegistryDocument (C:\Program Files (x86)\Microsoft Visual Studio\2017\Community\Web\External\node_modules\npm\lib\fetch-package-metadata.js:146:16)
42 verbose stack     at C:\Program Files (x86)\Microsoft Visual Studio\2017\Community\Web\External\node_modules\iferr\index.js:13:50
42 verbose stack     at C:\Program Files (x86)\Microsoft Visual Studio\2017\Community\Web\External\node_modules\npm\lib\utils\pulse-till-done.js:19:8
42 verbose stack     at saved (C:\Program Files (x86)\Microsoft Visual Studio\2017\Community\Web\External\node_modules\npm\lib\cache\caching-client.js:168:7)
42 verbose stack     at C:\Program Files (x86)\Microsoft Visual Studio\2017\Community\Web\External\node_modules\npm\node_modules\graceful-fs\polyfills.js:210:7
42 verbose stack     at FSReqWrap.oncomplete (fs.js:82:15)
43 verbose cwd C:\Users\Douglas\Documents\GitHub\toque
44 error Windows_NT 10.0.15063
45 error argv "C:\\Program Files (x86)\\Microsoft Visual Studio\\2017\\Community\\Web\\External\\Node.exe" "C:\\Program Files (x86)\\Microsoft Visual Studio\\2017\\Community\\Web\\External\\node_modules\\npm\\bin\\npm-cli.js" "install"
46 error node v5.4.1
47 error npm  v3.3.4
48 error No compatible version found: cordova-plugin-local-notifications@~0.8.4
48 error Valid install targets:
48 error ["1.0.0"]
49 error If you need help, you may report this error at:
49 error     <https://github.com/npm/npm/issues>
50 verbose exit [ 1, true ]
